Arguments: 
  C:\Program Files\nodejs\node.exe C:\Users\rbac5\AppData\Roaming\npm\node_modules\yarn\bin\yarn.js add @babel/cli: ^7.10.5,

PATH: 
  C:\Program Files (x86)\Common Files\Oracle\Java\javapath;C:\Windows\system32;C:\Windows;C:\Windows\System32\Wbem;C:\Windows\System32\WindowsPowerShell\v1.0\;C:\Windows\System32\OpenSSH\;C:\Program Files (x86)\NVIDIA Corporation\PhysX\Common;C:\Program Files\NVIDIA Corporation\NVIDIA NvDLISR;C:\Program Files\nodejs\;C:\Program Files\nodejs\node_modules\npm\bin;C:\Users\rbac5\AppData\Local\Android\Sdk\tools;C:\Users\rbac5\AppData\Local\Android\Sdk\platform-tools;C:\Gradle\gradle-6.5.1\bin;%ANDROID_SDK_ROOT%\tools;%ANDROID_SDKROOT%\platform-tools;C:\Program Files\Git\cmd;C:\Users\rbac5\AppData\Local\Microsoft\WindowsApps;C:\Users\rbac5\AppData\Local\Programs\Microsoft VS Code\bin;C:\Users\rbac5\AppData\Roaming\npm;C:\Program Files\nodejs\node_modules\npm\bin;C:\Users\rbac5\AppData\Local\GitHubDesktop\bin;C:\Program Files\MongoDB\Server\4.2\bin;

Yarn version: 
  1.22.4

Node version: 
  12.18.0

Platform: 
  win32 x64

Trace: 
  Error: https://registry.yarnpkg.com/@babel%2fcli:: Not found
      at Request.params.callback [as _callback] (C:\Users\rbac5\AppData\Roaming\npm\node_modules\yarn\lib\cli.js:66987:18)
      at Request.self.callback (C:\Users\rbac5\AppData\Roaming\npm\node_modules\yarn\lib\cli.js:140748:22)
      at Request.emit (events.js:315:20)
      at Request.<anonymous> (C:\Users\rbac5\AppData\Roaming\npm\node_modules\yarn\lib\cli.js:141720:10)
      at Request.emit (events.js:315:20)
      at IncomingMessage.<anonymous> (C:\Users\rbac5\AppData\Roaming\npm\node_modules\yarn\lib\cli.js:141642:12)
      at Object.onceWrapper (events.js:421:28)
      at IncomingMessage.emit (events.js:327:22)
      at endReadableNT (_stream_readable.js:1221:12)
      at processTicksAndRejections (internal/process/task_queues.js:84:21)

npm manifest: 
  {
    "name": "React-Nodejs-Ecom.io",
    "version": "1.0.0",
    "description": "",
    "main": "index.js",
    "scripts": {
      "start": "nodemon ---watch backend --exec babel-node backend/server.js"
    },
    "repository": {
      "type": "git",
      "url": "git+https://github.com/ThechoiceMaster/React-Nodejs-Ecom.io.git"
    },
    "keywords": [],
    "author": "",
    "license": "ISC",
    "bugs": {
      "url": "https://github.com/ThechoiceMaster/React-Nodejs-Ecom.io/issues"
    },
    "homepage": "https://github.com/ThechoiceMaster/React-Nodejs-Ecom.io#readme"
  }

yarn manifest: 
  No manifest

Lockfile: 
  No lockfile
